<?xml version="1.0" encoding="UTF-8"?>
<!-- Generated by org.testng.reporters.JUnitReportReporter -->
<testsuite hostname="mehdi" failures="0" tests="2" name="ProjetLibre.AppTest" time="0.003" errors="0" timestamp="2022-01-26T03:36:53 WEST" skipped="0">
  <testcase classname="ProjetLibre.AppTest" name="testlogin1" time="0.002"/>
  <system-out/>
  <testcase classname="ProjetLibre.AppTest" name="testlogin2" time="0.001"/>
  <system-out/>
</testsuite> <!-- ProjetLibre.AppTest -->
