<?xml version="1.0" encoding="UTF-8"?>
<!-- Generated by org.testng.reporters.JUnitReportReporter -->
<testsuite hostname="mehdi" failures="0" tests="1" name="ProjetLibre.TestLogin" time="14.376" errors="0" timestamp="2022-01-26T03:36:53 WEST" skipped="0">
  <testcase classname="ProjetLibre.TestLogin" name="loginTest" time="14.376"/>
  <system-out/>
</testsuite> <!-- ProjetLibre.TestLogin -->
